<?xml version="1.0" encoding="UTF-8"?>
<!-- Generated by org.testng.reporters.JUnitReportReporter -->
<testsuite skipped="0" hostname="TK-IN-PC" name="testt2.NewTest" tests="2" failures="0" timestamp="2020-03-05T14:45:07 IST" time="0.018" errors="0">
  <testcase name="test9" time="0.005" classname="testt2.NewTest"/>
  <testcase name="test4" time="0.013" classname="testt2.NewTest"/>
</testsuite> <!-- testt2.NewTest -->
