<?xml version="1.0" encoding="UTF-8"?>
<!-- Generated by org.testng.reporters.JUnitReportReporter -->
<testsuite skipped="0" hostname="TK-IN-PC" name="testNGTraining.TestNg_Sample" tests="2" failures="0" timestamp="2020-03-16T16:03:16 IST" time="4.610" errors="0">
  <testcase name="openGmail" time="3.117" classname="testNGTraining.TestNg_Sample"/>
  <system-out/>
  <testcase name="openGoogle" time="1.493" classname="testNGTraining.TestNg_Sample"/>
  <system-out/>
</testsuite> <!-- testNGTraining.TestNg_Sample -->
