<?xml version="1.0" encoding="UTF-8"?>
<!-- Generated by org.testng.reporters.JUnitReportReporter -->
<testsuite skipped="0" hostname="TK-IN-PC" name="testNGTraining.TestNG_Introduction" tests="2" failures="0" timestamp="2020-03-16T13:34:50 IST" time="0.064" errors="0">
  <testcase name="createPO" time="0.010" classname="testNGTraining.TestNG_Introduction"/>
  <system-out/>
  <testcase name="loginTest" time="0.054" classname="testNGTraining.TestNG_Introduction"/>
  <system-out/>
</testsuite> <!-- testNGTraining.TestNG_Introduction -->
