<?xml version="1.0" encoding="UTF-8"?>
<!-- Generated by org.testng.reporters.JUnitReportReporter -->
<testsuite skipped="0" hostname="TK-IN-PC" name="testNGTraining.GroupingExample" tests="2" failures="0" timestamp="2020-03-23T10:53:28 IST" time="0.069" errors="0">
  <testcase name="test1" time="0.063" classname="testNGTraining.GroupingExample"/>
  <system-out/>
  <testcase name="test2" time="0.006" classname="testNGTraining.GroupingExample"/>
  <system-out/>
</testsuite> <!-- testNGTraining.GroupingExample -->
